these 58 derivations will be built:
  /nix/store/qg25gw9dqspnv8mfr8j5bgdlihgm32mx-nixos-version.drv
  /nix/store/p978yirws5xrqzcywqa9niq7bly96c7r-system-path.drv
  /nix/store/m9dn05yljg08v77yw2dqb5fml61z5v9r-dbus-1.drv
  /nix/store/fkp4xpnh42mbmrhxrwh0r0hfki0gl99d-X-Restart-Triggers-dbus.drv
  /nix/store/0nnb7bf8rg791j9lm5l18hhmmsaiffl8-unit-dbus.service.drv
  /nix/store/ky10z6gkxm02wrvr9va65silpmw55lml-sshd.conf-final.drv
  /nix/store/1pw83f1yrfmk70qcnzg2wjflj6gr9wln-X-Restart-Triggers-sshd.drv
  /nix/store/238pfd0df42fb85vv0d58kb8nmhwvc05-nix.conf.drv
  /nix/store/2hc50lbz1rd6cfw7rpav51x4y2wc5xr0-etc-sysctl.d-60-nixos.conf.drv
  /nix/store/ynxdrskqp1g5p1ffy11j9g03h19cvi61-nixos.conf.drv
  /nix/store/2pyc5jyxzgmxsf49sxgs7rp41j46wwsn-X-Restart-Triggers-systemd-modules-load.drv
  /nix/store/2v9zcw47wsicgn1kzfkcsaafxp3gca8n-unit-sshd.service.drv
  /nix/store/3r9a1ajz5p8bgrsb8rrzgvmj62lp8g26-etc-os-release.drv
  /nix/store/cfxkgm9ixkyc22snfkb0wdfv23h5m2wy-udev-rules.drv
  /nix/store/lq726m2am7y1vn17i0g296hkbrvyz89w-set-environment.drv
  /nix/store/myy7804x7xjy2g35hg12j25ii7f7ga4q-etc-nix-registry.json.drv
  /nix/store/py73ilq01289rcip87nng2nfqz57vw4q-admin-authorized_keys.drv
  /nix/store/szk1q4vbakh7c5hbawnsakmjdvy571yy-etc-profile.drv
  /nix/store/w01wkb6bp9c7qyc74wvsdn2fvi4h9pk1-hwdb.bin.drv
  /nix/store/wqzbndxk087pilgmbvphp4psvpfby4a3-etc-pam-environment.drv
  /nix/store/xw4401ip7wy490qvgy7fs677yx8whjh6-hosts.drv
  /nix/store/iql0vp6xs35hfbiz472qpg16yxml7xvw-firewall-start.drv
  /nix/store/v9p55z0nx0bv2s4iq0g3i0xllh0n3dr0-firewall-reload.drv
  /nix/store/478ysk4cv2iv9asyhm5zkgm84414jh2a-unit-firewall.service.drv
  /nix/store/8ws7az5z5ywiqa17b5ddsqgmimk4jnz5-unit-script-nix-gc-start.drv
  /nix/store/5ms4iy9573w5d84d2kz96niz3hpfqb0w-unit-nix-gc.service.drv
  /nix/store/lsgdaqxbjm0g06xrqnajaldr52v3ic8k-X-Restart-Triggers-systemd-sysctl.drv
  /nix/store/7vfdk5lhawizlj6sl80qwaj372y2qaar-unit-systemd-sysctl.service.drv
  /nix/store/ncis0v39ychm14sz3w2kajds8gp5zlra-avahi-daemon.conf.drv
  /nix/store/a1viz74yahlfg7avfgfshr1rsk75sknh-unit-avahi-daemon.service.drv
  /nix/store/kvlz56h2sln7q6qylfls53khw0vwvzyw-X-Restart-Triggers-systemd-udevd.drv
  /nix/store/a9gh82l7hlk3chih1baa3kq2v24vpp8n-unit-systemd-udevd.service.drv
  /nix/store/94vx9qpdigik52fywa0g9118ps0q7172-X-Restart-Triggers-nix-daemon.drv
  /nix/store/avd2rqx8rwgjz4rsdvlf95b9rmbm7g9q-unit-nix-daemon.service.drv
  /nix/store/ig6qz2haxhllaabr6apdnj0vz671yshl-unit-dbus.service.drv
  /nix/store/n6wvqwfkd72h5jyk9k6nmmzq4sf10d50-shutdown-ramfs-contents.json.drv
  /nix/store/nawmsyricnijav7lc4jmpp5biw7l74vf-unit-generate-shutdown-ramfs.service.drv
  /nix/store/phhz4l8mmm7yd6300ikl9v6kxkm40dh7-unit-nix-gc.timer.drv
  /nix/store/vi4avk5cmycg00lybb7d9dk1z5wdcx11-unit-systemd-timesyncd.service.drv
  /nix/store/xxyxcr377zsx00a8zyg1932m719ymkc0-unit-systemd-modules-load.service.drv
  /nix/store/zkp46ps78ays86fd63p9wrd8jbxxzq35-unit-cpufreq.service.drv
  /nix/store/y0bxqbmv1hp7lmmgf0gc54kny52yj987-system-units.drv
  /nix/store/ylxn7r4ynvv0rsjzh8m69rdbxkdf20cf-issue.drv
  /nix/store/za4k6ax47gncq0ndvwn42dxnwj85bbxn-user-units.drv
  /nix/store/3gmrhqrl4lzi45ar35akqy3q2anppa2w-etc.drv
  /nix/store/40r7v3a7f3080wnlhfglc63fsc8km38b-users-groups.json.drv
  /nix/store/91qmiav7a2nq15ml9s6lxgkh6nh65ypg-stage-1-init.sh.drv
  /nix/store/y0kwjgvn3sv17bkd3c7ykb993a17m4vx-linux-6.6.94-modules-shrunk.drv
  /nix/store/587yaiviyh5h8rwmslp3kr5hql06d4lx-initrd-linux-6.6.94.drv
  /nix/store/y6car6fq2as4s9w2fp5a096kmlcxyr16-local-cmds.drv
  /nix/store/d4saglhwrwm5p9kab4l6s30h5ks44jva-stage-2-init.sh.drv
  /nix/store/gwf7i5gyis922acn5bwg62xgrzdc09ig-check-sshd-config.drv
  /nix/store/nn1arjkcvyiwapsd4vbhgyxn66ckhlx9-boot.json.drv
  /nix/store/zwj19n4wa8nismib1kyqd55ghi5v61s5-dtbs-filtered.drv
  /nix/store/xjnq9w1743raca26f1alwflbiqvbnd6g-nixos-system-node1-24.11.20250630.50ab793.drv
  /nix/store/l3632lwfz7yr13h8256y2bk6430l7syl-closure-info.drv
  /nix/store/52vdc3y5zizpyacvsf1r9m0cx78x4wki-ext4-fs.img.zst.drv
  /nix/store/dnwrdbz5hgcj5x5xja3ksyllz54hhpdq-nixos-sd-image-24.11.20250630.50ab793-aarch64-linux.img.drv
these 130 paths will be fetched (50.3 MiB download, 343.5 MiB unpacked):
  /nix/store/yspw6c3mkjcpb2wpvqnmm6i490d6f970-50-coredump.conf
  /nix/store/l0pir4prcil403cxy6ybxw536mjj2zba-X-Restart-Triggers-reload-systemd-vconsole-setup
  /nix/store/dydrr5qppb99m96srl3psd2ls3vps5n4-X-Restart-Triggers-systemd-tmpfiles-resetup
  /nix/store/j472fs75injdbs6hlhmmbg202cva2s0s-avahi-0.8
  /nix/store/nj80ba71mxgw1z0b7i60pc1pcanjxj7a-cifs-utils-7.1
  /nix/store/vncgq43jng8j33vkkng6ghhwqr5xa1jh-command-not-found
  /nix/store/z710q9n8nv010g7bfajqc79zyc35i2f0-console-env
  /nix/store/9rpd03zz601g135zcvxagx970fgy94dq-dbus-1.14.10
  /nix/store/f9230vvr02k3jmswzz3537gk4mswh2a7-dbus-1.14.10-lib
  /nix/store/lk8vq7r9ngbpxr5rig41id55ldb1b9b8-etc-bashrc
  /nix/store/skqfrgkiq5j7pznm2ch8pmah2hqn3z04-etc-modprobe.d-firmware.conf
  /nix/store/zvd6cd8yx8pvb35z54n5v8hq5jr5xmyv-etc-systemd-system.conf
  /nix/store/5l8c4n7r1c71m2f1ysk1amfylk35xhlm-etc-zfs-zed.d-zed.rc
  /nix/store/cc4b8zbjv6shyjsb8jnpk6znhxaa9hax-firmware
  /nix/store/d2p1l0v5xana708q3amf48lazacq6db0-fuse-2.9.9-bin
  /nix/store/awfgw1zk3b0z62xfxv09b1ckx5dwvh8d-fuse-3.16.2
  /nix/store/zwb4593mipd1fjmr6spwgmy70g51fh20-fuse-3.16.2-bin
  /nix/store/8yw1p3fciyc8kv5psxwpfv4zahyfq96a-gcc-wrapper-13.3.0
  /nix/store/0ima68m0lqybrb1szpc4h014l7fprnmw-getty
  /nix/store/vdlyargspdqm7cj65w6d1mcwy76h79rn-getty
  /nix/store/cfqx1c2g98sa5x2947wrw48gsd394mki-git-2.47.2
  /nix/store/lqj0zxzzshkng5989f2hxj9kqlmm277b-htop-3.3.0
  /nix/store/jl2asszrh2v71r3f49dha7x3pkxl0h7q-iproute2-6.11.0
  /nix/store/6aa0lwb5703q7l623mzy6w0mh3kzjjl2-ldb-2.9.2
  /nix/store/17z787dgsxd2giplkq9x8i8iixqa3jg3-lesspipe-2.17
  /nix/store/i25bzrnk1100aa4giz29rg0sgvb6jqdj-linux-6.6.94-modules
  /nix/store/k5sbzy4xdfinrysa48zvkgahbxfq1cz5-login.pam
  /nix/store/bgy7dn7jrmj3n9h5k40a4005nmzz1myb-lvm2-2.03.31
  /nix/store/h0a1ix7kq5wyr8iblp743rmkk5q3qy24-lvm2-2.03.31-bin
  /nix/store/qpzjxc57miriw2v2xc1zndfycqbnah78-mdadm-4.3
  /nix/store/ifjq5flfzl11qiw6vi72mhgia47zjspb-mount-pstore.sh
  /nix/store/p8f21zg2i875z73cv588psjy1w6l5nf0-nfs-utils-2.7.1
  /nix/store/s0076hj8sibjkh73x6hyslx7c5s9n2l7-nix-2.24.14
  /nix/store/vb4cv8dz91gb7xarsskgsk7g96v74l1r-nixos-container
  /nix/store/g1v3q21i9z3hzpn3354j3rqcky4mbxjb-nixos-enter
  /nix/store/i16s0rkz6ykkjcbfaaydyfhjksdxzpzx-nixos-generate-config
  /nix/store/vf36hi1ikqalblkgngbs2di8xm1pgk64-nixos-help
  /nix/store/yzcqyfjk1dnh0fl8cx1kgaq3bdp5bdj3-nixos-help
  /nix/store/3vvg2rqg4jckcr48n56c9ylpc05d7y09-nixos-install
  /nix/store/hpszg3cz1f4s76gr2s1y4kac1va572jx-nixos-option
  /nix/store/cjpwgkx9jl3sirs60jcpf98lac5kvzid-nixos-rebuild
  /nix/store/4n3dl6dj3kdz5slvnabq48dpi8kqbji8-perl-5.40.0-env
  /nix/store/w9i72r1g8svg9mwqvyrg49k84j12vlrd-perl5.40.0-DBD-SQLite-1.74
  /nix/store/khvrk4jszqgwpw28q7m97z5npy1r28b9-perl5.40.0-String-ShellQuote-1.04
  /nix/store/iarslf04swx7fr0mj7fyg3aibmc7yfgn-perl5.40.0-libwww-perl-6.72
  /nix/store/46gffgd7s2p0ryjszw423b57q8rj0x2i-procps-4.0.4
  /nix/store/6ig8q32qy4dyymavjdypjg9brzvpcbd2-python3.12-dnspython-2.7.0
  /nix/store/jvzr72x1cwn6j7jhhvj4ij19sd6n5pcq-python3.12-markdown-3.7
  /nix/store/jq4s0lbykckmci6y9qzqzpi698977fhb-reload-container
  /nix/store/i3d3lm1219vhsk9lhlzhl64yrs5g26n7-samba-4.20.8
  /nix/store/xbg70w9fbwidgm5lc946k82g4h7p1r3w-security-wrapper-dbus-daemon-launch-helper-aarch64-unknown-linux-musl
  /nix/store/8zvlj41bdmqzmppd42gd51lmkc089890-security-wrapper-fusermount-aarch64-unknown-linux-musl
  /nix/store/29vnzcs81qanzzz9a635vlybln1l3960-security-wrapper-fusermount3-aarch64-unknown-linux-musl
  /nix/store/0wpvwzbz5az4c5nckmyihy0158g2k21v-security-wrapper-mount-aarch64-unknown-linux-musl
  /nix/store/grscrg1v5l6y7hqnnz34fl1xsb5mgn71-security-wrapper-umount-aarch64-unknown-linux-musl
  /nix/store/bwflivdf8w2lld18pifb5z4hk8dlpzj0-sshd.pam
  /nix/store/0a3v6hd3gfbn30hcjkpv42pkfj21jh6p-sshfs-fuse-3.7.3
  /nix/store/bw3gnslzfr2qidav6plc437dwnc1kypb-stdenv-linux
  /nix/store/5wfs5nvkqv85zrhqz2kwzj8qracc8dlh-strace-6.14
  /nix/store/qdkbg8w5x63j86r8zzv7y58kbxmrnkcs-switch-to-configuration-0.1.0
  /nix/store/cim34qqdjs281gm79wzb7vkp0lyp5kwp-systemd
  /nix/store/0dnr7k0bcjcgksjbfgbkccjfhxjfj550-systemd-256.10
  /nix/store/v9j0d9cn44qbznk15r5s8fx287l61a6j-systemd-minimal-256.10
  /nix/store/bcx7s981p2qxb0kvvw06fz4hb0c5nc97-systemd-user.pam
  /nix/store/hc3fkig1kw70zxd8xaaln2318djq93d0-talloc-2.4.2
  /nix/store/cacs9saqpabiaz5a0i63h9xxyc5xdfix-tdb-1.4.11
  /nix/store/l1gdlmcdj0cc666jchr9mflimkf98w4g-tevent-0.16.1
  /nix/store/v8yj238z9g67wc0vxj42jf5b6i67sx8p-texinfo-7.1.1
  /nix/store/jf815bmhv27ri13sk1wqw24rzpcwmb0g-texinfo-interactive-7.1.1
  /nix/store/fzk1k4la51sgs4yjhbvhi13w2zx249mg-tmpfiles.d
  /nix/store/ymqdf55ji6sxd1yca79zjjrw5jlam1xv-tmux-3.5a
  /nix/store/1rghfwfqn0wbnfqh5w6ayjqdmqspw892-udev-path
  /nix/store/9k2sq9y4i0s4rx1pazhi91n3z7mm2851-unit-audit.service
  /nix/store/sr7mqcdc846r32z6mac15yhvkiy010qx-unit-autovt-.service
  /nix/store/wdp452q1ncr4r70wfia20r5x4aa9zw5x-unit-container-.service
  /nix/store/mc0zx1h174k59syx125xi373z5y4khhn-unit-container-getty-.service
  /nix/store/r57gvsi7gckcywm9balin0pv8c211rn3-unit-dhcpcd.service
  /nix/store/dllz560gkcq0k1x34zbi1jvlz3q6p7g5-unit-getty-.service
  /nix/store/z2xda38n7h0xbzqqvhc7zwpmldhyz3rk-unit-kmod-static-nodes.service
  /nix/store/q6vr0pxvqz4cca8xw0z822np9m9irc7s-unit-logrotate-checkconf.service
  /nix/store/jjjwnxl9mba4nwskbyzgynxybwicqhxb-unit-logrotate.service
  /nix/store/0wg2na19np6f0n43cvpjcc9k1cy39b4g-unit-mount-pstore.service
  /nix/store/0p14vq7n09vpj61j1y5ahklcqxwwrxx8-unit-network-local-commands.service
  /nix/store/lhlkdqgz560acssnf955hkkwxiazyilm-unit-network-setup.service
  /nix/store/shjrc57awrn8swc258mqlr071xl46lrq-unit-nix-optimise.service
  /nix/store/s0g6c739591h3bw3z36gijxl2q754a1q-unit-nixos-activation.service
  /nix/store/d7gnicdy50hg5rws96cwcjm7gl4jpqwy-unit-nscd.service
  /nix/store/bpcbyvrm1lqdz7c4rfc29d78dm5krca5-unit-post-resume.service
  /nix/store/d59yk0n3i0fvw7n64d9cvb1zb83rd2f7-unit-pre-sleep.service
  /nix/store/4v2xw1gw46crcwhsc4wsnf5ramkb98z1-unit-prepare-kexec.service
  /nix/store/6j3p20saq45m84wlx5m7zs7w4y488pzy-unit-reload-systemd-vconsole-setup.service
  /nix/store/80bcaxrpm8m7k1nw01na8mdi0xwlmmjb-unit-resolvconf.service
  /nix/store/xyf62yn2l2j0zc9mlhxl5wmzx9da4gkb-unit-save-hwclock.service
  /nix/store/9mx8l3d4qjcg58dp6z7s7i7g5km9ylpn-unit-script-container_-start
  /nix/store/37lzcgw1iqamcjiczwab6862hr8s8zk0-unit-script-nixos-activation-start
  /nix/store/qkqj3x9s9b9x4ny9kzms31bh0qh0h849-unit-script-suid-sgid-wrappers-start
  /nix/store/24q63wxaqzay23ydncj1hfm0d5vnfxf3-unit-serial-getty-.service
  /nix/store/hnx786dhgrjxzy31ymr00qxia4sfpiq1-unit-suid-sgid-wrappers.service
  /nix/store/vvwx0pw3g4y9qcgvlzvnnhz8vgiza9my-unit-systemd-backlight-.service
  /nix/store/qilyx90my8ljnyrkl975w19n7x0d2mgw-unit-systemd-fsck-.service
  /nix/store/8zcsrzjxrszv3abiaw18q0s45in5hh0d-unit-systemd-importd.service
  /nix/store/d0dhqmi92i77m3l9qk5nggn0rlwdw48y-unit-systemd-journal-flush.service
  /nix/store/l4lpm2wn88fni5gixjn2v307g0dqxw7y-unit-systemd-journald-.service
  /nix/store/j0mcvbwpnr1d6gjrh5vf8jh9fbx6rzx2-unit-systemd-journald.service
  /nix/store/gy5ah8ncx3dpaf5ir9h75ivmw7il23il-unit-systemd-logind.service
  /nix/store/k7fmknr8v8d4q0r74g9gzl7k5avmc7wv-unit-systemd-makefs-.service
  /nix/store/9cgc4b77aspllf0c3ygxgphj1fxrmxiq-unit-systemd-mkswap-.service
  /nix/store/z5i93105j6vkbfzl7pw5sc47sbdbrxqk-unit-systemd-nspawn-.service
  /nix/store/0aa1iizrkbjdhczb6xl8mb7gm67db6qd-unit-systemd-oomd.service
  /nix/store/f3sh1gkakymc2dnxhby5nm1mfrjrpryf-unit-systemd-pstore.service
  /nix/store/0rbi0xn0dxw90k6axwa46krqfwv0pvd7-unit-systemd-random-seed.service
  /nix/store/drg4dg4mnzzimwr10jc98fs0q862gncg-unit-systemd-remount-fs.service
  /nix/store/p7dsn9q3v8scm55zwg5r4vhmdk11wj6r-unit-systemd-timedated.service
  /nix/store/3hhbfqpkf1qhc6q3jlxggpdnzbzm2s21-unit-systemd-tmpfiles-resetup.service
  /nix/store/vx89rjz29qds7v2kai1j1aaa1f0x72qh-unit-systemd-tmpfiles-setup.service
  /nix/store/pkd6633zzmqgbmsiv94s9vw34h8k8aw8-unit-systemd-udev-settle.service
  /nix/store/2jdz46zdjlaxnfb7pxriadndpfv2xxgl-unit-systemd-update-utmp.service
  /nix/store/4q513gcw725zv7kavqnpv5nrm301lc7j-unit-systemd-user-sessions.service
  /nix/store/d647cff2wmrjzcc11b67zzg5b58fsd8f-unit-user-.service
  /nix/store/al3737d0j176k6crv903fyx0mxjkdqhl-unit-user-runtime-dir-.service
  /nix/store/h85pk47p8a258783a73av8s7f4j4ia0i-unit-zfs-mount.service
  /nix/store/lsqnvi5d265y976i02g4q49vpqyxn8fy-unit-zfs-share.service
  /nix/store/by6668n5n1whc8907q7f8i43qrz7yy4s-unit-zfs-zed.service
  /nix/store/gpxlyz9w1ixbp5wjcyrm3c7n70a7qjs3-unit-zpool-trim.service
  /nix/store/6fbrdhl3g4qbymklxasd669jfsqvlvbm-util-linux-2.39.4-bin
  /nix/store/7bx2ydiqwvg99p20rz3jwp5vx49rb752-util-linux-2.39.4-dev
  /nix/store/xnrxjfr1m8rhqjf8dq69q8j27m7vkl4g-w3m-0.5.3+git20230121
  /nix/store/gjam82cfgwij4ibcskm6h5grmqzz98rp-zfs-kernel-2.2.7-6.6.94
  /nix/store/v2ngvcxyc4igb8smjkk68jr7g3ziik2p-zfs-user-2.2.7
  /nix/store/6ivdmwqsn118fasvxsfvys9416avhh6b-zpool-sync-shutdown
copying path '/nix/store/8yw1p3fciyc8kv5psxwpfv4zahyfq96a-gcc-wrapper-13.3.0' from 'https://install.determinate.systems'...
copying path '/nix/store/0dnr7k0bcjcgksjbfgbkccjfhxjfj550-systemd-256.10' from 'https://install.determinate.systems'...
copying path '/nix/store/cc4b8zbjv6shyjsb8jnpk6znhxaa9hax-firmware' from 'https://cache.nixos.org'...
copying path '/nix/store/v9j0d9cn44qbznk15r5s8fx287l61a6j-systemd-minimal-256.10' from 'https://cache.nixos.org'...
copying path '/nix/store/z710q9n8nv010g7bfajqc79zyc35i2f0-console-env' from 'https://cache.nixos.org'...
copying path '/nix/store/d2p1l0v5xana708q3amf48lazacq6db0-fuse-2.9.9-bin' from 'https://cache.nixos.org'...
copying path '/nix/store/awfgw1zk3b0z62xfxv09b1ckx5dwvh8d-fuse-3.16.2' from 'https://cache.nixos.org'...
copying path '/nix/store/jl2asszrh2v71r3f49dha7x3pkxl0h7q-iproute2-6.11.0' from 'https://cache.nixos.org'...
copying path '/nix/store/h0a1ix7kq5wyr8iblp743rmkk5q3qy24-lvm2-2.03.31-bin' from 'https://cache.nixos.org'...
copying path '/nix/store/s0076hj8sibjkh73x6hyslx7c5s9n2l7-nix-2.24.14' from 'https://cache.nixos.org'...
copying path '/nix/store/g1v3q21i9z3hzpn3354j3rqcky4mbxjb-nixos-enter' from 'https://cache.nixos.org'...
copying path '/nix/store/5wfs5nvkqv85zrhqz2kwzj8qracc8dlh-strace-6.14' from 'https://cache.nixos.org'...
copying path '/nix/store/v8yj238z9g67wc0vxj42jf5b6i67sx8p-texinfo-7.1.1' from 'https://cache.nixos.org'...
copying path '/nix/store/jf815bmhv27ri13sk1wqw24rzpcwmb0g-texinfo-interactive-7.1.1' from 'https://cache.nixos.org'...
copying path '/nix/store/xnrxjfr1m8rhqjf8dq69q8j27m7vkl4g-w3m-0.5.3+git20230121' from 'https://cache.nixos.org'...
copying path '/nix/store/iarslf04swx7fr0mj7fyg3aibmc7yfgn-perl5.40.0-libwww-perl-6.72' from 'https://install.determinate.systems'...
error: Cannot build '/nix/store/zwj19n4wa8nismib1kyqd55ghi5v61s5-dtbs-filtered.drv'.
       Reason: required system or feature not available
       Required system: 'aarch64-linux' with features {}
       Current system: 'x86_64-linux' with features {benchmark, big-parallel, kvm, nixos-test, uid-range}
error: Cannot build '/nix/store/xjnq9w1743raca26f1alwflbiqvbnd6g-nixos-system-node1-24.11.20250630.50ab793.drv'.
       Reason: 1 dependency failed.
       Output paths:
         /nix/store/bry5b3wxrz6dl8cnqd2m5yxmwz1fr8wi-nixos-system-node1-24.11.20250630.50ab793
error: Build failed due to failed dependency
error: Cannot build '/nix/store/l3632lwfz7yr13h8256y2bk6430l7syl-closure-info.drv'.
       Reason: 1 dependency failed.
       Output paths:
         /nix/store/2k3i7p7bqq5s9k52ipq2l8xfj12i9b6x-closure-info
error: Cannot build '/nix/store/52vdc3y5zizpyacvsf1r9m0cx78x4wki-ext4-fs.img.zst.drv'.
       Reason: 1 dependency failed.
       Output paths:
         /nix/store/db50vz6gczx3gfba548y7zfpbqfprh2d-ext4-fs.img.zst
error: Build failed due to failed dependency
error: Cannot build '/nix/store/dnwrdbz5hgcj5x5xja3ksyllz54hhpdq-nixos-sd-image-24.11.20250630.50ab793-aarch64-linux.img.drv'.
       Reason: 1 dependency failed.
       Output paths:
         /nix/store/qdf36c49s0gpczzxr4lkw6x6x5fbzm0f-nixos-sd-image-24.11.20250630.50ab793-aarch64-linux.img
❌ git+file:///home/samuel/sysadmin/odroid-c4#packages.aarch64-linux.node1-sdImage
error: Build failed due to failed dependency
